<?xml version="1.0" encoding="UTF-8"?>
<!-- Generated by org.testng.reporters.JUnitXMLReporter -->
<testsuite ignored="0" hostname="DESKTOP-OUM13QP" failures="0" tests="3" name="Surefire test" time="220.232" errors="0" timestamp="2021-11-22T16:10:02 IST">
  <testcase classname="sample.eazydiner.aboutusTest" name="test2" time="91.513"/>
  <testcase classname="sample.eazydiner.helpTest" name="test1" time="75.765"/>
  <testcase classname="sample.eazydiner.locationTest" name="test3" time="52.919"/>
</testsuite> <!-- Surefire test -->
